<?xml version="1.0" encoding="UTF-8"?>
<!-- Generated by org.testng.reporters.JUnitXMLReporter -->
<testsuite ignored="1" hostname="Norms" failures="0" tests="1" name="Test" time="7.196" errors="0" timestamp="2026-02-19T14:41:33 CST">
  <testcase classname="testCasesLogin.TC001_LoginTest" name="login" time="1.178"/>
  <testcase classname="testCasesLogin.TC001_LoginTest" name="user_is_navigated_to_the_landing_page" time="0.0">
    <ignored/>
  </testcase> <!-- user_is_navigated_to_the_landing_page -->
</testsuite> <!-- Test -->
