<?xml version="1.0" encoding="UTF-8"?>
<!-- Generated by org.testng.reporters.JUnitXMLReporter -->
<testsuite ignored="0" hostname="Norms" failures="1" tests="2" name="Linux-Firefox" time="53.643" errors="0" timestamp="2026-02-16T23:29:52 CST">
  <testcase classname="testCasesLogin.TC001_LoginTest" name="login" time="19.441">
    <failure type="java.lang.AssertionError" message="null">
      <![CDATA[java.lang.AssertionError: null
at testCasesLogin.TC001_LoginTest.login(TC001_LoginTest.java:54)
at java.base/java.util.ArrayList.forEach(ArrayList.java:1596)
... Removed 27 stack frames]]>
    </failure>
  </testcase> <!-- login -->
  <testcase classname="testCasesLogin.TC002_LoginTestWithInvalidCredentials" name="loginWithInvalidCreddentials" time="4.421"/>
</testsuite> <!-- Linux-Firefox -->
