<?xml version="1.0" encoding="UTF-8"?>
<!-- Generated by org.testng.reporters.JUnitXMLReporter -->
<testsuite ignored="0" hostname="Norms" failures="1" tests="1" name="Linux-Chrome" time="18.313" errors="0" timestamp="2025-09-01T00:41:31 CST">
  <testcase classname="testCasesLogin.TC001_LoginTest" name="login" time="11.121">
    <failure type="java.lang.AssertionError" message="null">
      <![CDATA[java.lang.AssertionError: null
at testCasesLogin.TC001_LoginTest.login(TC001_LoginTest.java:55)
at java.base/java.util.ArrayList.forEach(ArrayList.java:1596)
... Removed 27 stack frames]]>
    </failure>
  </testcase> <!-- login -->
</testsuite> <!-- Linux-Chrome -->
