<?xml version="1.0" encoding="UTF-8"?>
<!-- Generated by org.testng.reporters.JUnitXMLReporter -->
<testsuite ignored="0" hostname="Norms" failures="5" tests="8" name="Linux-Edge" time="115.292" errors="0" timestamp="2025-08-28T14:25:55 CST">
  <testcase classname="testCases.TC001_LoginTest" name="login" time="12.593">
    <failure type="java.lang.AssertionError" message="null">
      <![CDATA[java.lang.AssertionError: null
at testCases.TC001_LoginTest.login(TC001_LoginTest.java:55)
at java.base/java.util.ArrayList.forEach(ArrayList.java:1596)
... Removed 27 stack frames]]>
    </failure>
  </testcase> <!-- login -->
  <testcase classname="testCases.TC002_LoginTestWithInvalidCredentials" name="loginWithInvalidCreddentials" time="2.668"/>
  <testcase classname="testCases.TC003_ValidatingUserProfile" name="ValidatingUserProfileName" time="12.787">
    <failure type="java.lang.AssertionError" message="null">
      <![CDATA[java.lang.AssertionError: null
at testCases.TC003_ValidatingUserProfile.ValidatingUserProfileName(TC003_ValidatingUserProfile.java:49)
at java.base/java.util.ArrayList.forEach(ArrayList.java:1596)
... Removed 27 stack frames]]>
    </failure>
  </testcase> <!-- ValidatingUserProfileName -->
  <testcase classname="testCases.TC004_LoginDDT" name="verify_LoginDDT" time="13.071">
    <failure type="java.lang.AssertionError" message="null">
      <![CDATA[java.lang.AssertionError: null
at testCases.TC004_LoginDDT.verify_LoginDDT(TC004_LoginDDT.java:80)
at java.base/java.util.ArrayList.forEach(ArrayList.java:1596)
... Removed 27 stack frames]]>
    </failure>
  </testcase> <!-- verify_LoginDDT -->
  <testcase classname="testCases.TC004_LoginDDT" name="verify_LoginDDT" time="13.522">
    <failure type="java.lang.AssertionError" message="null">
      <![CDATA[java.lang.AssertionError: null
at testCases.TC004_LoginDDT.verify_LoginDDT(TC004_LoginDDT.java:80)
at java.base/java.util.ArrayList.forEach(ArrayList.java:1596)
... Removed 27 stack frames]]>
    </failure>
  </testcase> <!-- verify_LoginDDT -->
  <testcase classname="testCases.TC004_LoginDDT" name="verify_LoginDDT" time="13.598">
    <failure type="java.lang.AssertionError" message="null">
      <![CDATA[java.lang.AssertionError: null
at testCases.TC004_LoginDDT.verify_LoginDDT(TC004_LoginDDT.java:80)
at java.base/java.util.ArrayList.forEach(ArrayList.java:1596)
... Removed 27 stack frames]]>
    </failure>
  </testcase> <!-- verify_LoginDDT -->
  <testcase classname="testCases.TC005_LoginWithInvalidUserName" name="loginWithInvalidUserName" time="2.796"/>
  <testcase classname="testCases.TC006_LoginWithInvalidPassword" name="loginWithInvalidPassword" time="2.611"/>
</testsuite> <!-- Linux-Edge -->
