<?xml version="1.0" encoding="UTF-8"?>
<!-- Generated by org.testng.reporters.JUnitXMLReporter -->
<testsuite ignored="0" hostname="Norms" failures="3" tests="3" name="Test" time="42.471" errors="0" timestamp="2026-02-23T12:22:35 CST">
  <testcase classname="testCasesLogin.TC004_LoginDDT" name="verify_LoginDDT" time="10.885">
    <failure type="java.lang.AssertionError" message="null">
      <![CDATA[java.lang.AssertionError: null
at testCasesLogin.TC004_LoginDDT.verify_LoginDDT(TC004_LoginDDT.java:80)
at java.base/java.util.ArrayList.forEach(ArrayList.java:1604)
... Removed 27 stack frames]]>
    </failure>
  </testcase> <!-- verify_LoginDDT -->
  <testcase classname="testCasesLogin.TC004_LoginDDT" name="verify_LoginDDT" time="10.429">
    <failure type="java.lang.AssertionError" message="null">
      <![CDATA[java.lang.AssertionError: null
at testCasesLogin.TC004_LoginDDT.verify_LoginDDT(TC004_LoginDDT.java:80)
at java.base/java.util.ArrayList.forEach(ArrayList.java:1604)
... Removed 27 stack frames]]>
    </failure>
  </testcase> <!-- verify_LoginDDT -->
  <testcase classname="testCasesLogin.TC004_LoginDDT" name="verify_LoginDDT" time="10.392">
    <failure type="java.lang.AssertionError" message="null">
      <![CDATA[java.lang.AssertionError: null
at testCasesLogin.TC004_LoginDDT.verify_LoginDDT(TC004_LoginDDT.java:80)
at java.base/java.util.ArrayList.forEach(ArrayList.java:1604)
... Removed 27 stack frames]]>
    </failure>
  </testcase> <!-- verify_LoginDDT -->
</testsuite> <!-- Test -->
