<?xml version="1.0" encoding="UTF-8"?>
<!-- Generated by org.testng.reporters.JUnitXMLReporter -->
<testsuite ignored="0" hostname="Norms" failures="2" tests="8" name="Test" time="68.385" errors="0" timestamp="2025-08-28T14:21:35 CST">
  <testcase classname="testCases.TC001_LoginTest" name="login" time="5.301"/>
  <testcase classname="testCases.TC002_LoginTestWithInvalidCredentials" name="loginWithInvalidCreddentials" time="6.144"/>
  <testcase classname="testCases.TC003_ValidatingUserProfile" name="ValidatingUserProfileName" time="3.124"/>
  <testcase classname="testCases.TC004_LoginDDT" name="verify_LoginDDT" time="10.352">
    <failure type="java.lang.AssertionError" message="null">
      <![CDATA[java.lang.AssertionError: null
at testCases.TC004_LoginDDT.verify_LoginDDT(TC004_LoginDDT.java:80)
at java.base/java.util.ArrayList.forEach(ArrayList.java:1596)
... Removed 27 stack frames]]>
    </failure>
  </testcase> <!-- verify_LoginDDT -->
  <testcase classname="testCases.TC004_LoginDDT" name="verify_LoginDDT" time="10.639">
    <failure type="java.lang.AssertionError" message="null">
      <![CDATA[java.lang.AssertionError: null
at testCases.TC004_LoginDDT.verify_LoginDDT(TC004_LoginDDT.java:80)
at java.base/java.util.ArrayList.forEach(ArrayList.java:1596)
... Removed 27 stack frames]]>
    </failure>
  </testcase> <!-- verify_LoginDDT -->
  <testcase classname="testCases.TC004_LoginDDT" name="verify_LoginDDT" time="2.988"/>
  <testcase classname="testCases.TC005_LoginWithInvalidUserName" name="loginWithInvalidUserName" time="2.543"/>
  <testcase classname="testCases.TC006_LoginWithInvalidPassword" name="loginWithInvalidPassword" time="2.234"/>
</testsuite> <!-- Test -->
