<?xml version="1.0" encoding="UTF-8"?>
<testng-results ignored="1" total="2" passed="1" failed="0" skipped="0">
  <reporter-output>
  </reporter-output>
  <suite started-at="2026-02-19T14:41:26 CST" name="Master Suite" finished-at="2026-02-19T14:41:33 CST" duration-ms="7196">
    <groups>
      <group name="Master">
        <method signature="TC001_LoginTest.login()[pri:0, instance:testCasesLogin.TC001_LoginTest@3f197a46]" name="login" class="testCasesLogin.TC001_LoginTest"/>
      </group> <!-- Master -->
      <group name="Sanity">
        <method signature="TC001_LoginTest.login()[pri:0, instance:testCasesLogin.TC001_LoginTest@3f197a46]" name="login" class="testCasesLogin.TC001_LoginTest"/>
      </group> <!-- Sanity -->
    </groups>
    <test started-at="2026-02-19T14:41:26 CST" name="Test" finished-at="2026-02-19T14:41:33 CST" duration-ms="7196">
      <class name="testCasesLogin.TC001_LoginTest">
        <test-method is-config="true" signature="lounch_browser(java.lang.String,java.lang.String)[pri:0, instance:testCasesLogin.TC001_LoginTest@3f197a46]" started-at="2026-02-19T14:41:26 CST" name="lounch_browser" finished-at="2026-02-19T14:41:31 CST" duration-ms="5325" status="PASS">
          <params>
            <param index="0">
              <value>
                <![CDATA[windows]]>
              </value>
            </param>
            <param index="1">
              <value>
                <![CDATA[chrome]]>
              </value>
            </param>
          </params>
          <reporter-output>
          </reporter-output>
        </test-method> <!-- lounch_browser -->
        <test-method signature="login()[pri:0, instance:testCasesLogin.TC001_LoginTest@3f197a46]" started-at="2026-02-19T14:41:31 CST" name="login" finished-at="2026-02-19T14:41:32 CST" duration-ms="1178" status="PASS">
          <reporter-output>
          </reporter-output>
        </test-method> <!-- login -->
        <test-method is-config="true" signature="tearDown()[pri:0, instance:testCasesLogin.TC001_LoginTest@3f197a46]" started-at="2026-02-19T14:41:32 CST" name="tearDown" finished-at="2026-02-19T14:41:33 CST" duration-ms="252" status="PASS">
          <reporter-output>
          </reporter-output>
        </test-method> <!-- tearDown -->
      </class> <!-- testCasesLogin.TC001_LoginTest -->
    </test> <!-- Test -->
  </suite> <!-- Master Suite -->
</testng-results>
