<?xml version="1.0" encoding="UTF-8"?>
<testng-results ignored="0" total="9" passed="6" failed="3" skipped="0">
  <reporter-output>
  </reporter-output>
  <suite started-at="2026-02-26T22:42:03 CST" name="Grid-Docker" finished-at="2026-02-26T22:43:01 CST" duration-ms="58759">
    <groups>
      <group name="Sanity">
        <method signature="TC004_LoginDDT.verify_LoginDDT(java.lang.String,java.lang.String,java.lang.String)[pri:0, instance:testCasesLogin.TC004_LoginDDT@6069db50]" name="verify_LoginDDT" class="testCasesLogin.TC004_LoginDDT"/>
        <method signature="TC004_LoginDDT.verify_LoginDDT(java.lang.String,java.lang.String,java.lang.String)[pri:0, instance:testCasesLogin.TC004_LoginDDT@34123d65]" name="verify_LoginDDT" class="testCasesLogin.TC004_LoginDDT"/>
        <method signature="TC004_LoginDDT.verify_LoginDDT(java.lang.String,java.lang.String,java.lang.String)[pri:0, instance:testCasesLogin.TC004_LoginDDT@65fb9ffc]" name="verify_LoginDDT" class="testCasesLogin.TC004_LoginDDT"/>
      </group> <!-- Sanity -->
    </groups>
    <test started-at="2026-02-26T22:42:03 CST" name="Linux-Chrome" finished-at="2026-02-26T22:42:53 CST" duration-ms="49835">
      <class name="testCasesLogin.TC004_LoginDDT">
        <test-method is-config="true" signature="lounch_browser(java.lang.String,java.lang.String)[pri:0, instance:testCasesLogin.TC004_LoginDDT@6069db50]" started-at="2026-02-26T22:42:03 CST" name="lounch_browser" finished-at="2026-02-26T22:42:11 CST" duration-ms="8163" status="PASS">
          <params>
            <param index="0">
              <value>
                <![CDATA[linux]]>
              </value>
            </param>
            <param index="1">
              <value>
                <![CDATA[chrome]]>
              </value>
            </param>
          </params>
          <reporter-output>
          </reporter-output>
        </test-method> <!-- lounch_browser -->
        <test-method signature="verify_LoginDDT(java.lang.String,java.lang.String,java.lang.String)[pri:0, instance:testCasesLogin.TC004_LoginDDT@6069db50]" started-at="2026-02-26T22:42:12 CST" name="verify_LoginDDT" data-provider="LoginData" finished-at="2026-02-26T22:42:25 CST" duration-ms="12484" status="PASS">
          <params>
            <param index="0">
              <value>
                <![CDATA[test02]]>
              </value>
            </param>
            <param index="1">
              <value>
                <![CDATA[test02]]>
              </value>
            </param>
            <param index="2">
              <value>
                <![CDATA[invalid]]>
              </value>
            </param>
          </params>
          <reporter-output>
          </reporter-output>
        </test-method> <!-- verify_LoginDDT -->
        <test-method signature="verify_LoginDDT(java.lang.String,java.lang.String,java.lang.String)[pri:0, instance:testCasesLogin.TC004_LoginDDT@6069db50]" started-at="2026-02-26T22:42:25 CST" name="verify_LoginDDT" data-provider="LoginData" finished-at="2026-02-26T22:42:38 CST" duration-ms="12990" status="PASS">
          <params>
            <param index="0">
              <value>
                <![CDATA[test01]]>
              </value>
            </param>
            <param index="1">
              <value>
                <![CDATA[test01]]>
              </value>
            </param>
            <param index="2">
              <value>
                <![CDATA[invalid]]>
              </value>
            </param>
          </params>
          <reporter-output>
          </reporter-output>
        </test-method> <!-- verify_LoginDDT -->
        <test-method signature="verify_LoginDDT(java.lang.String,java.lang.String,java.lang.String)[pri:0, instance:testCasesLogin.TC004_LoginDDT@6069db50]" started-at="2026-02-26T22:42:38 CST" name="verify_LoginDDT" data-provider="LoginData" finished-at="2026-02-26T22:42:51 CST" duration-ms="13346" status="FAIL">
          <params>
            <param index="0">
              <value>
                <![CDATA[LEAR_PR07]]>
              </value>
            </param>
            <param index="1">
              <value>
                <![CDATA[Mexico*2024]]>
              </value>
            </param>
            <param index="2">
              <value>
                <![CDATA[valid]]>
              </value>
            </param>
          </params>
          <exception class="java.lang.AssertionError">
            <message>
              <![CDATA[expected [true] but found [false]]]>
            </message>
            <full-stacktrace>
              <![CDATA[java.lang.AssertionError: expected [true] but found [false]
at org.testng.Assert.fail(Assert.java:111)
at org.testng.Assert.failNotEquals(Assert.java:1590)
at org.testng.Assert.assertTrue(Assert.java:57)
at org.testng.Assert.assertTrue(Assert.java:67)
at testCasesLogin.TC004_LoginDDT.verify_LoginDDT(TC004_LoginDDT.java:50)
at java.base/jdk.internal.reflect.DirectMethodHandleAccessor.invoke(DirectMethodHandleAccessor.java:104)
at java.base/java.lang.reflect.Method.invoke(Method.java:565)
at org.testng.internal.invokers.MethodInvocationHelper.invokeMethod(MethodInvocationHelper.java:141)
at org.testng.internal.invokers.TestInvoker.invokeMethod(TestInvoker.java:697)
at org.testng.internal.invokers.TestInvoker.invokeTestMethod(TestInvoker.java:230)
at org.testng.internal.invokers.MethodRunner.runInSequence(MethodRunner.java:63)
at org.testng.internal.invokers.TestInvoker$MethodInvocationAgent.invoke(TestInvoker.java:1005)
at org.testng.internal.invokers.TestInvoker.invokeTestMethods(TestInvoker.java:203)
at org.testng.internal.invokers.TestMethodWorker.invokeTestMethods(TestMethodWorker.java:154)
at org.testng.internal.invokers.TestMethodWorker.run(TestMethodWorker.java:134)
at java.base/java.util.ArrayList.forEach(ArrayList.java:1604)
at org.testng.TestRunner.privateRun(TestRunner.java:744)
at org.testng.TestRunner.run(TestRunner.java:616)
at org.testng.SuiteRunner.runTest(SuiteRunner.java:421)
at org.testng.SuiteRunner$SuiteWorker.run(SuiteRunner.java:463)
at org.testng.internal.thread.ThreadUtil.lambda$execute$0(ThreadUtil.java:64)
at java.base/java.util.concurrent.FutureTask.run(FutureTask.java:328)
at java.base/java.util.concurrent.ThreadPoolExecutor.runWorker(ThreadPoolExecutor.java:1090)
at java.base/java.util.concurrent.ThreadPoolExecutor$Worker.run(ThreadPoolExecutor.java:614)
at java.base/java.lang.Thread.run(Thread.java:1474)
]]>
            </full-stacktrace>
          </exception> <!-- java.lang.AssertionError -->
          <reporter-output>
          </reporter-output>
        </test-method> <!-- verify_LoginDDT -->
        <test-method is-config="true" signature="tearDown()[pri:0, instance:testCasesLogin.TC004_LoginDDT@6069db50]" started-at="2026-02-26T22:42:52 CST" name="tearDown" finished-at="2026-02-26T22:42:53 CST" duration-ms="275" status="PASS">
          <reporter-output>
          </reporter-output>
        </test-method> <!-- tearDown -->
      </class> <!-- testCasesLogin.TC004_LoginDDT -->
    </test> <!-- Linux-Chrome -->
    <test started-at="2026-02-26T22:42:03 CST" name="Linux-Edge" finished-at="2026-02-26T22:42:54 CST" duration-ms="51372">
      <class name="testCasesLogin.TC004_LoginDDT">
        <test-method is-config="true" signature="lounch_browser(java.lang.String,java.lang.String)[pri:0, instance:testCasesLogin.TC004_LoginDDT@65fb9ffc]" started-at="2026-02-26T22:42:03 CST" name="lounch_browser" finished-at="2026-02-26T22:42:10 CST" duration-ms="7018" status="PASS">
          <params>
            <param index="0">
              <value>
                <![CDATA[linux]]>
              </value>
            </param>
            <param index="1">
              <value>
                <![CDATA[edge]]>
              </value>
            </param>
          </params>
          <reporter-output>
          </reporter-output>
        </test-method> <!-- lounch_browser -->
        <test-method signature="verify_LoginDDT(java.lang.String,java.lang.String,java.lang.String)[pri:0, instance:testCasesLogin.TC004_LoginDDT@65fb9ffc]" started-at="2026-02-26T22:42:12 CST" name="verify_LoginDDT" data-provider="LoginData" finished-at="2026-02-26T22:42:25 CST" duration-ms="12592" status="PASS">
          <params>
            <param index="0">
              <value>
                <![CDATA[test02]]>
              </value>
            </param>
            <param index="1">
              <value>
                <![CDATA[test02]]>
              </value>
            </param>
            <param index="2">
              <value>
                <![CDATA[invalid]]>
              </value>
            </param>
          </params>
          <reporter-output>
          </reporter-output>
        </test-method> <!-- verify_LoginDDT -->
        <test-method signature="verify_LoginDDT(java.lang.String,java.lang.String,java.lang.String)[pri:0, instance:testCasesLogin.TC004_LoginDDT@65fb9ffc]" started-at="2026-02-26T22:42:25 CST" name="verify_LoginDDT" data-provider="LoginData" finished-at="2026-02-26T22:42:40 CST" duration-ms="15010" status="PASS">
          <params>
            <param index="0">
              <value>
                <![CDATA[test01]]>
              </value>
            </param>
            <param index="1">
              <value>
                <![CDATA[test01]]>
              </value>
            </param>
            <param index="2">
              <value>
                <![CDATA[invalid]]>
              </value>
            </param>
          </params>
          <reporter-output>
          </reporter-output>
        </test-method> <!-- verify_LoginDDT -->
        <test-method signature="verify_LoginDDT(java.lang.String,java.lang.String,java.lang.String)[pri:0, instance:testCasesLogin.TC004_LoginDDT@65fb9ffc]" started-at="2026-02-26T22:42:40 CST" name="verify_LoginDDT" data-provider="LoginData" finished-at="2026-02-26T22:42:53 CST" duration-ms="13201" status="FAIL">
          <params>
            <param index="0">
              <value>
                <![CDATA[LEAR_PR07]]>
              </value>
            </param>
            <param index="1">
              <value>
                <![CDATA[Mexico*2024]]>
              </value>
            </param>
            <param index="2">
              <value>
                <![CDATA[valid]]>
              </value>
            </param>
          </params>
          <exception class="java.lang.AssertionError">
            <message>
              <![CDATA[expected [true] but found [false]]]>
            </message>
            <full-stacktrace>
              <![CDATA[java.lang.AssertionError: expected [true] but found [false]
at org.testng.Assert.fail(Assert.java:111)
at org.testng.Assert.failNotEquals(Assert.java:1590)
at org.testng.Assert.assertTrue(Assert.java:57)
at org.testng.Assert.assertTrue(Assert.java:67)
at testCasesLogin.TC004_LoginDDT.verify_LoginDDT(TC004_LoginDDT.java:50)
at java.base/jdk.internal.reflect.DirectMethodHandleAccessor.invoke(DirectMethodHandleAccessor.java:104)
at java.base/java.lang.reflect.Method.invoke(Method.java:565)
at org.testng.internal.invokers.MethodInvocationHelper.invokeMethod(MethodInvocationHelper.java:141)
at org.testng.internal.invokers.TestInvoker.invokeMethod(TestInvoker.java:697)
at org.testng.internal.invokers.TestInvoker.invokeTestMethod(TestInvoker.java:230)
at org.testng.internal.invokers.MethodRunner.runInSequence(MethodRunner.java:63)
at org.testng.internal.invokers.TestInvoker$MethodInvocationAgent.invoke(TestInvoker.java:1005)
at org.testng.internal.invokers.TestInvoker.invokeTestMethods(TestInvoker.java:203)
at org.testng.internal.invokers.TestMethodWorker.invokeTestMethods(TestMethodWorker.java:154)
at org.testng.internal.invokers.TestMethodWorker.run(TestMethodWorker.java:134)
at java.base/java.util.ArrayList.forEach(ArrayList.java:1604)
at org.testng.TestRunner.privateRun(TestRunner.java:744)
at org.testng.TestRunner.run(TestRunner.java:616)
at org.testng.SuiteRunner.runTest(SuiteRunner.java:421)
at org.testng.SuiteRunner$SuiteWorker.run(SuiteRunner.java:463)
at org.testng.internal.thread.ThreadUtil.lambda$execute$0(ThreadUtil.java:64)
at java.base/java.util.concurrent.FutureTask.run(FutureTask.java:328)
at java.base/java.util.concurrent.ThreadPoolExecutor.runWorker(ThreadPoolExecutor.java:1090)
at java.base/java.util.concurrent.ThreadPoolExecutor$Worker.run(ThreadPoolExecutor.java:614)
at java.base/java.lang.Thread.run(Thread.java:1474)
]]>
            </full-stacktrace>
          </exception> <!-- java.lang.AssertionError -->
          <reporter-output>
          </reporter-output>
        </test-method> <!-- verify_LoginDDT -->
        <test-method is-config="true" signature="tearDown()[pri:0, instance:testCasesLogin.TC004_LoginDDT@65fb9ffc]" started-at="2026-02-26T22:42:54 CST" name="tearDown" finished-at="2026-02-26T22:42:54 CST" duration-ms="174" status="PASS">
          <reporter-output>
          </reporter-output>
        </test-method> <!-- tearDown -->
      </class> <!-- testCasesLogin.TC004_LoginDDT -->
    </test> <!-- Linux-Edge -->
    <test started-at="2026-02-26T22:42:03 CST" name="Linux-Firefox" finished-at="2026-02-26T22:43:01 CST" duration-ms="58759">
      <class name="testCasesLogin.TC004_LoginDDT">
        <test-method is-config="true" signature="lounch_browser(java.lang.String,java.lang.String)[pri:0, instance:testCasesLogin.TC004_LoginDDT@34123d65]" started-at="2026-02-26T22:42:03 CST" name="lounch_browser" finished-at="2026-02-26T22:42:19 CST" duration-ms="16078" status="PASS">
          <params>
            <param index="0">
              <value>
                <![CDATA[linux]]>
              </value>
            </param>
            <param index="1">
              <value>
                <![CDATA[firefox]]>
              </value>
            </param>
          </params>
          <reporter-output>
          </reporter-output>
        </test-method> <!-- lounch_browser -->
        <test-method signature="verify_LoginDDT(java.lang.String,java.lang.String,java.lang.String)[pri:0, instance:testCasesLogin.TC004_LoginDDT@34123d65]" started-at="2026-02-26T22:42:20 CST" name="verify_LoginDDT" data-provider="LoginData" finished-at="2026-02-26T22:42:34 CST" duration-ms="14203" status="PASS">
          <params>
            <param index="0">
              <value>
                <![CDATA[test02]]>
              </value>
            </param>
            <param index="1">
              <value>
                <![CDATA[test02]]>
              </value>
            </param>
            <param index="2">
              <value>
                <![CDATA[invalid]]>
              </value>
            </param>
          </params>
          <reporter-output>
          </reporter-output>
        </test-method> <!-- verify_LoginDDT -->
        <test-method signature="verify_LoginDDT(java.lang.String,java.lang.String,java.lang.String)[pri:0, instance:testCasesLogin.TC004_LoginDDT@34123d65]" started-at="2026-02-26T22:42:34 CST" name="verify_LoginDDT" data-provider="LoginData" finished-at="2026-02-26T22:42:47 CST" duration-ms="13224" status="PASS">
          <params>
            <param index="0">
              <value>
                <![CDATA[test01]]>
              </value>
            </param>
            <param index="1">
              <value>
                <![CDATA[test01]]>
              </value>
            </param>
            <param index="2">
              <value>
                <![CDATA[invalid]]>
              </value>
            </param>
          </params>
          <reporter-output>
          </reporter-output>
        </test-method> <!-- verify_LoginDDT -->
        <test-method signature="verify_LoginDDT(java.lang.String,java.lang.String,java.lang.String)[pri:0, instance:testCasesLogin.TC004_LoginDDT@34123d65]" started-at="2026-02-26T22:42:47 CST" name="verify_LoginDDT" data-provider="LoginData" finished-at="2026-02-26T22:43:00 CST" duration-ms="12729" status="FAIL">
          <params>
            <param index="0">
              <value>
                <![CDATA[LEAR_PR07]]>
              </value>
            </param>
            <param index="1">
              <value>
                <![CDATA[Mexico*2024]]>
              </value>
            </param>
            <param index="2">
              <value>
                <![CDATA[valid]]>
              </value>
            </param>
          </params>
          <exception class="java.lang.AssertionError">
            <message>
              <![CDATA[expected [true] but found [false]]]>
            </message>
            <full-stacktrace>
              <![CDATA[java.lang.AssertionError: expected [true] but found [false]
at org.testng.Assert.fail(Assert.java:111)
at org.testng.Assert.failNotEquals(Assert.java:1590)
at org.testng.Assert.assertTrue(Assert.java:57)
at org.testng.Assert.assertTrue(Assert.java:67)
at testCasesLogin.TC004_LoginDDT.verify_LoginDDT(TC004_LoginDDT.java:50)
at java.base/jdk.internal.reflect.DirectMethodHandleAccessor.invoke(DirectMethodHandleAccessor.java:104)
at java.base/java.lang.reflect.Method.invoke(Method.java:565)
at org.testng.internal.invokers.MethodInvocationHelper.invokeMethod(MethodInvocationHelper.java:141)
at org.testng.internal.invokers.TestInvoker.invokeMethod(TestInvoker.java:697)
at org.testng.internal.invokers.TestInvoker.invokeTestMethod(TestInvoker.java:230)
at org.testng.internal.invokers.MethodRunner.runInSequence(MethodRunner.java:63)
at org.testng.internal.invokers.TestInvoker$MethodInvocationAgent.invoke(TestInvoker.java:1005)
at org.testng.internal.invokers.TestInvoker.invokeTestMethods(TestInvoker.java:203)
at org.testng.internal.invokers.TestMethodWorker.invokeTestMethods(TestMethodWorker.java:154)
at org.testng.internal.invokers.TestMethodWorker.run(TestMethodWorker.java:134)
at java.base/java.util.ArrayList.forEach(ArrayList.java:1604)
at org.testng.TestRunner.privateRun(TestRunner.java:744)
at org.testng.TestRunner.run(TestRunner.java:616)
at org.testng.SuiteRunner.runTest(SuiteRunner.java:421)
at org.testng.SuiteRunner$SuiteWorker.run(SuiteRunner.java:463)
at org.testng.internal.thread.ThreadUtil.lambda$execute$0(ThreadUtil.java:64)
at java.base/java.util.concurrent.FutureTask.run(FutureTask.java:328)
at java.base/java.util.concurrent.ThreadPoolExecutor.runWorker(ThreadPoolExecutor.java:1090)
at java.base/java.util.concurrent.ThreadPoolExecutor$Worker.run(ThreadPoolExecutor.java:614)
at java.base/java.lang.Thread.run(Thread.java:1474)
]]>
            </full-stacktrace>
          </exception> <!-- java.lang.AssertionError -->
          <reporter-output>
          </reporter-output>
        </test-method> <!-- verify_LoginDDT -->
        <test-method is-config="true" signature="tearDown()[pri:0, instance:testCasesLogin.TC004_LoginDDT@34123d65]" started-at="2026-02-26T22:43:00 CST" name="tearDown" finished-at="2026-02-26T22:43:01 CST" duration-ms="1339" status="PASS">
          <reporter-output>
          </reporter-output>
        </test-method> <!-- tearDown -->
      </class> <!-- testCasesLogin.TC004_LoginDDT -->
    </test> <!-- Linux-Firefox -->
  </suite> <!-- Grid-Docker -->
</testng-results>
