<?xml version="1.0" encoding="UTF-8"?>
<testng-results ignored="0" total="6" passed="6" failed="0" skipped="0">
  <reporter-output>
  </reporter-output>
  <suite started-at="2026-02-28T12:37:59 CST" name="Grid-Docker" finished-at="2026-02-28T12:38:20 CST" duration-ms="21271">
    <groups>
      <group name="Master">
        <method signature="TC001_LoginTest.login()[pri:0, instance:testCasesLogin.TC001_LoginTest@59662a0b]" name="login" class="testCasesLogin.TC001_LoginTest"/>
        <method signature="TC002_LoginTestWithInvalidCredentials.loginWithInvalidCreddentials()[pri:0, instance:testCasesLogin.TC002_LoginTestWithInvalidCredentials@5b8dfcc1]" name="loginWithInvalidCreddentials" class="testCasesLogin.TC002_LoginTestWithInvalidCredentials"/>
        <method signature="TC001_LoginTest.login()[pri:0, instance:testCasesLogin.TC001_LoginTest@618b19ad]" name="login" class="testCasesLogin.TC001_LoginTest"/>
        <method signature="TC002_LoginTestWithInvalidCredentials.loginWithInvalidCreddentials()[pri:0, instance:testCasesLogin.TC002_LoginTestWithInvalidCredentials@2d3379b4]" name="loginWithInvalidCreddentials" class="testCasesLogin.TC002_LoginTestWithInvalidCredentials"/>
        <method signature="TC001_LoginTest.login()[pri:0, instance:testCasesLogin.TC001_LoginTest@5e0e82ae]" name="login" class="testCasesLogin.TC001_LoginTest"/>
        <method signature="TC002_LoginTestWithInvalidCredentials.loginWithInvalidCreddentials()[pri:0, instance:testCasesLogin.TC002_LoginTestWithInvalidCredentials@6771beb3]" name="loginWithInvalidCreddentials" class="testCasesLogin.TC002_LoginTestWithInvalidCredentials"/>
      </group> <!-- Master -->
      <group name="Sanity">
        <method signature="TC001_LoginTest.login()[pri:0, instance:testCasesLogin.TC001_LoginTest@59662a0b]" name="login" class="testCasesLogin.TC001_LoginTest"/>
        <method signature="TC001_LoginTest.login()[pri:0, instance:testCasesLogin.TC001_LoginTest@618b19ad]" name="login" class="testCasesLogin.TC001_LoginTest"/>
        <method signature="TC001_LoginTest.login()[pri:0, instance:testCasesLogin.TC001_LoginTest@5e0e82ae]" name="login" class="testCasesLogin.TC001_LoginTest"/>
      </group> <!-- Sanity -->
      <group name="Regression">
        <method signature="TC002_LoginTestWithInvalidCredentials.loginWithInvalidCreddentials()[pri:0, instance:testCasesLogin.TC002_LoginTestWithInvalidCredentials@5b8dfcc1]" name="loginWithInvalidCreddentials" class="testCasesLogin.TC002_LoginTestWithInvalidCredentials"/>
        <method signature="TC002_LoginTestWithInvalidCredentials.loginWithInvalidCreddentials()[pri:0, instance:testCasesLogin.TC002_LoginTestWithInvalidCredentials@2d3379b4]" name="loginWithInvalidCreddentials" class="testCasesLogin.TC002_LoginTestWithInvalidCredentials"/>
        <method signature="TC002_LoginTestWithInvalidCredentials.loginWithInvalidCreddentials()[pri:0, instance:testCasesLogin.TC002_LoginTestWithInvalidCredentials@6771beb3]" name="loginWithInvalidCreddentials" class="testCasesLogin.TC002_LoginTestWithInvalidCredentials"/>
      </group> <!-- Regression -->
    </groups>
    <test started-at="2026-02-28T12:37:59 CST" name="Linux-Chrome" finished-at="2026-02-28T12:38:10 CST" duration-ms="11196">
      <class name="testCasesLogin.TC001_LoginTest">
        <test-method is-config="true" signature="lounch_browser(java.lang.String,java.lang.String)[pri:0, instance:testCasesLogin.TC001_LoginTest@59662a0b]" started-at="2026-02-28T12:37:59 CST" name="lounch_browser" finished-at="2026-02-28T12:38:03 CST" duration-ms="3766" status="PASS">
          <params>
            <param index="0">
              <value>
                <![CDATA[linux]]>
              </value>
            </param>
            <param index="1">
              <value>
                <![CDATA[chrome]]>
              </value>
            </param>
          </params>
          <reporter-output>
          </reporter-output>
        </test-method> <!-- lounch_browser -->
        <test-method signature="login()[pri:0, instance:testCasesLogin.TC001_LoginTest@59662a0b]" started-at="2026-02-28T12:38:03 CST" name="login" finished-at="2026-02-28T12:38:04 CST" duration-ms="747" status="PASS">
          <reporter-output>
          </reporter-output>
        </test-method> <!-- login -->
        <test-method is-config="true" signature="tearDown()[pri:0, instance:testCasesLogin.TC001_LoginTest@59662a0b]" started-at="2026-02-28T12:38:04 CST" name="tearDown" finished-at="2026-02-28T12:38:04 CST" duration-ms="156" status="PASS">
          <reporter-output>
          </reporter-output>
        </test-method> <!-- tearDown -->
      </class> <!-- testCasesLogin.TC001_LoginTest -->
      <class name="testCasesLogin.TC002_LoginTestWithInvalidCredentials">
        <test-method is-config="true" signature="lounch_browser(java.lang.String,java.lang.String)[pri:0, instance:testCasesLogin.TC002_LoginTestWithInvalidCredentials@5b8dfcc1]" started-at="2026-02-28T12:38:04 CST" name="lounch_browser" finished-at="2026-02-28T12:38:08 CST" duration-ms="3811" status="PASS">
          <params>
            <param index="0">
              <value>
                <![CDATA[linux]]>
              </value>
            </param>
            <param index="1">
              <value>
                <![CDATA[chrome]]>
              </value>
            </param>
          </params>
          <reporter-output>
          </reporter-output>
        </test-method> <!-- lounch_browser -->
        <test-method signature="loginWithInvalidCreddentials()[pri:0, instance:testCasesLogin.TC002_LoginTestWithInvalidCredentials@5b8dfcc1]" started-at="2026-02-28T12:38:08 CST" name="loginWithInvalidCreddentials" finished-at="2026-02-28T12:38:10 CST" duration-ms="2155" status="PASS">
          <reporter-output>
          </reporter-output>
        </test-method> <!-- loginWithInvalidCreddentials -->
        <test-method is-config="true" signature="tearDown()[pri:0, instance:testCasesLogin.TC002_LoginTestWithInvalidCredentials@5b8dfcc1]" started-at="2026-02-28T12:38:10 CST" name="tearDown" finished-at="2026-02-28T12:38:10 CST" duration-ms="117" status="PASS">
          <reporter-output>
          </reporter-output>
        </test-method> <!-- tearDown -->
      </class> <!-- testCasesLogin.TC002_LoginTestWithInvalidCredentials -->
    </test> <!-- Linux-Chrome -->
    <test started-at="2026-02-28T12:37:59 CST" name="Linux-Edge" finished-at="2026-02-28T12:38:13 CST" duration-ms="13789">
      <class name="testCasesLogin.TC001_LoginTest">
        <test-method is-config="true" signature="lounch_browser(java.lang.String,java.lang.String)[pri:0, instance:testCasesLogin.TC001_LoginTest@5e0e82ae]" started-at="2026-02-28T12:37:59 CST" name="lounch_browser" finished-at="2026-02-28T12:38:04 CST" duration-ms="4799" status="PASS">
          <params>
            <param index="0">
              <value>
                <![CDATA[linux]]>
              </value>
            </param>
            <param index="1">
              <value>
                <![CDATA[edge]]>
              </value>
            </param>
          </params>
          <reporter-output>
          </reporter-output>
        </test-method> <!-- lounch_browser -->
        <test-method signature="login()[pri:0, instance:testCasesLogin.TC001_LoginTest@5e0e82ae]" started-at="2026-02-28T12:38:04 CST" name="login" finished-at="2026-02-28T12:38:05 CST" duration-ms="654" status="PASS">
          <reporter-output>
          </reporter-output>
        </test-method> <!-- login -->
        <test-method is-config="true" signature="tearDown()[pri:0, instance:testCasesLogin.TC001_LoginTest@5e0e82ae]" started-at="2026-02-28T12:38:05 CST" name="tearDown" finished-at="2026-02-28T12:38:05 CST" duration-ms="148" status="PASS">
          <reporter-output>
          </reporter-output>
        </test-method> <!-- tearDown -->
      </class> <!-- testCasesLogin.TC001_LoginTest -->
      <class name="testCasesLogin.TC002_LoginTestWithInvalidCredentials">
        <test-method is-config="true" signature="lounch_browser(java.lang.String,java.lang.String)[pri:0, instance:testCasesLogin.TC002_LoginTestWithInvalidCredentials@6771beb3]" started-at="2026-02-28T12:38:05 CST" name="lounch_browser" finished-at="2026-02-28T12:38:10 CST" duration-ms="5343" status="PASS">
          <params>
            <param index="0">
              <value>
                <![CDATA[linux]]>
              </value>
            </param>
            <param index="1">
              <value>
                <![CDATA[edge]]>
              </value>
            </param>
          </params>
          <reporter-output>
          </reporter-output>
        </test-method> <!-- lounch_browser -->
        <test-method signature="loginWithInvalidCreddentials()[pri:0, instance:testCasesLogin.TC002_LoginTestWithInvalidCredentials@6771beb3]" started-at="2026-02-28T12:38:10 CST" name="loginWithInvalidCreddentials" finished-at="2026-02-28T12:38:13 CST" duration-ms="2347" status="PASS">
          <reporter-output>
          </reporter-output>
        </test-method> <!-- loginWithInvalidCreddentials -->
        <test-method is-config="true" signature="tearDown()[pri:0, instance:testCasesLogin.TC002_LoginTestWithInvalidCredentials@6771beb3]" started-at="2026-02-28T12:38:13 CST" name="tearDown" finished-at="2026-02-28T12:38:13 CST" duration-ms="110" status="PASS">
          <reporter-output>
          </reporter-output>
        </test-method> <!-- tearDown -->
      </class> <!-- testCasesLogin.TC002_LoginTestWithInvalidCredentials -->
    </test> <!-- Linux-Edge -->
    <test started-at="2026-02-28T12:37:59 CST" name="Linux-Firefox" finished-at="2026-02-28T12:38:20 CST" duration-ms="21271">
      <class name="testCasesLogin.TC001_LoginTest">
        <test-method is-config="true" signature="lounch_browser(java.lang.String,java.lang.String)[pri:0, instance:testCasesLogin.TC001_LoginTest@618b19ad]" started-at="2026-02-28T12:37:59 CST" name="lounch_browser" finished-at="2026-02-28T12:38:06 CST" duration-ms="6374" status="PASS">
          <params>
            <param index="0">
              <value>
                <![CDATA[linux]]>
              </value>
            </param>
            <param index="1">
              <value>
                <![CDATA[firefox]]>
              </value>
            </param>
          </params>
          <reporter-output>
          </reporter-output>
        </test-method> <!-- lounch_browser -->
        <test-method signature="login()[pri:0, instance:testCasesLogin.TC001_LoginTest@618b19ad]" started-at="2026-02-28T12:38:06 CST" name="login" finished-at="2026-02-28T12:38:08 CST" duration-ms="2746" status="PASS">
          <reporter-output>
          </reporter-output>
        </test-method> <!-- login -->
        <test-method is-config="true" signature="tearDown()[pri:0, instance:testCasesLogin.TC001_LoginTest@618b19ad]" started-at="2026-02-28T12:38:08 CST" name="tearDown" finished-at="2026-02-28T12:38:10 CST" duration-ms="1802" status="PASS">
          <reporter-output>
          </reporter-output>
        </test-method> <!-- tearDown -->
      </class> <!-- testCasesLogin.TC001_LoginTest -->
      <class name="testCasesLogin.TC002_LoginTestWithInvalidCredentials">
        <test-method is-config="true" signature="lounch_browser(java.lang.String,java.lang.String)[pri:0, instance:testCasesLogin.TC002_LoginTestWithInvalidCredentials@2d3379b4]" started-at="2026-02-28T12:38:10 CST" name="lounch_browser" finished-at="2026-02-28T12:38:16 CST" duration-ms="5841" status="PASS">
          <params>
            <param index="0">
              <value>
                <![CDATA[linux]]>
              </value>
            </param>
            <param index="1">
              <value>
                <![CDATA[firefox]]>
              </value>
            </param>
          </params>
          <reporter-output>
          </reporter-output>
        </test-method> <!-- lounch_browser -->
        <test-method signature="loginWithInvalidCreddentials()[pri:0, instance:testCasesLogin.TC002_LoginTestWithInvalidCredentials@2d3379b4]" started-at="2026-02-28T12:38:16 CST" name="loginWithInvalidCreddentials" finished-at="2026-02-28T12:38:19 CST" duration-ms="2973" status="PASS">
          <reporter-output>
          </reporter-output>
        </test-method> <!-- loginWithInvalidCreddentials -->
        <test-method is-config="true" signature="tearDown()[pri:0, instance:testCasesLogin.TC002_LoginTestWithInvalidCredentials@2d3379b4]" started-at="2026-02-28T12:38:19 CST" name="tearDown" finished-at="2026-02-28T12:38:20 CST" duration-ms="1146" status="PASS">
          <reporter-output>
          </reporter-output>
        </test-method> <!-- tearDown -->
      </class> <!-- testCasesLogin.TC002_LoginTestWithInvalidCredentials -->
    </test> <!-- Linux-Firefox -->
  </suite> <!-- Grid-Docker -->
</testng-results>
