<?xml version="1.0" encoding="UTF-8"?>
<!-- Generated by org.testng.reporters.JUnitReportReporter -->
<testsuite hostname="Norms" failures="0" tests="1" name="stepDefinitions.LoginStepsDefinition" time="0.963" errors="1" timestamp="2026-02-19T13:20:59 CST" skipped="0">
  <testcase classname="stepDefinitions.LoginStepsDefinition" name="setUpClass" time="0.963">
    <error message="You&#039;re not allowed to extend classes that define Step Definitions or hooks. class testCasesLogin.TC001_LoginTest extends class testBase.BaseClass" type="io.cucumber.java.InvalidMethodException">
      <![CDATA[io.cucumber.java.InvalidMethodException: You're not allowed to extend classes that define Step Definitions or hooks. class testCasesLogin.TC001_LoginTest extends class testBase.BaseClass
at io.cucumber.java.InvalidMethodException.createInvalidMethodException(InvalidMethodException.java:16)
at io.cucumber.java.MethodScanner.validateMethod(MethodScanner.java:87)
at io.cucumber.java.MethodScanner.scan(MethodScanner.java:77)
at io.cucumber.java.MethodScanner.scan(MethodScanner.java:69)
at io.cucumber.java.MethodScanner.scan(MethodScanner.java:33)
at io.cucumber.java.JavaBackend.lambda$loadGlue$2(JavaBackend.java:41)
at java.base/java.util.stream.ForEachOps$ForEachOp$OfRef.accept(ForEachOps.java:186)
at java.base/java.util.stream.DistinctOps$1$2.accept(DistinctOps.java:174)
at java.base/java.util.ArrayList$ArrayListSpliterator.forEachRemaining(ArrayList.java:1716)
at java.base/java.util.stream.ReferencePipeline$Head.forEach(ReferencePipeline.java:803)
at java.base/java.util.stream.ReferencePipeline$7$1FlatMap.accept(ReferencePipeline.java:293)
at java.base/java.util.stream.ReferencePipeline$3$1.accept(ReferencePipeline.java:214)
at java.base/java.util.stream.ReferencePipeline$3$1.accept(ReferencePipeline.java:214)
at java.base/java.util.stream.ReferencePipeline$2$1.accept(ReferencePipeline.java:197)
at java.base/java.util.ArrayList$ArrayListSpliterator.forEachRemaining(ArrayList.java:1716)
at java.base/java.util.stream.AbstractPipeline.copyInto(AbstractPipeline.java:570)
at java.base/java.util.stream.AbstractPipeline.wrapAndCopyInto(AbstractPipeline.java:560)
at java.base/java.util.stream.ForEachOps$ForEachOp.evaluateSequential(ForEachOps.java:153)
at java.base/java.util.stream.ForEachOps$ForEachOp$OfRef.evaluateSequential(ForEachOps.java:176)
at java.base/java.util.stream.AbstractPipeline.evaluate(AbstractPipeline.java:265)
at java.base/java.util.stream.ReferencePipeline.forEach(ReferencePipeline.java:632)
at io.cucumber.java.JavaBackend.loadGlue(JavaBackend.java:41)
at io.cucumber.core.runner.Runner.<init>(Runner.java:57)
at io.cucumber.core.runtime.ThreadLocalRunnerSupplier.createRunner(ThreadLocalRunnerSupplier.java:47)
at java.base/java.lang.ThreadLocal$SuppliedThreadLocal.initialValue(ThreadLocal.java:344)
at java.base/java.lang.ThreadLocal.setInitialValue(ThreadLocal.java:203)
at java.base/java.lang.ThreadLocal.get(ThreadLocal.java:193)
at java.base/java.lang.ThreadLocal.get(ThreadLocal.java:171)
at io.cucumber.core.runtime.ThreadLocalRunnerSupplier.get(ThreadLocalRunnerSupplier.java:40)
at io.cucumber.core.runtime.RethrowingThrowableCollector.executeAndThrow(RethrowingThrowableCollector.java:35)
at io.cucumber.core.runtime.CucumberExecutionContext.getRunner(CucumberExecutionContext.java:140)
at io.cucumber.core.runtime.CucumberExecutionContext.runBeforeAllHooks(CucumberExecutionContext.java:92)
at io.cucumber.testng.TestNGCucumberRunner.<init>(TestNGCucumberRunner.java:127)
at io.cucumber.testng.AbstractTestNGCucumberTests.setUpClass(AbstractTestNGCucumberTests.java:27)
at java.base/jdk.internal.reflect.DirectMethodHandleAccessor.invoke(DirectMethodHandleAccessor.java:104)
at java.base/java.lang.reflect.Method.invoke(Method.java:565)
at org.testng.internal.invokers.MethodInvocationHelper.invokeMethod(MethodInvocationHelper.java:141)
at org.testng.internal.invokers.MethodInvocationHelper.invokeMethodConsideringTimeout(MethodInvocationHelper.java:71)
at org.testng.internal.invokers.ConfigInvoker.invokeConfigurationMethod(ConfigInvoker.java:400)
at org.testng.internal.invokers.ConfigInvoker.invokeConfigurations(ConfigInvoker.java:333)
at org.testng.internal.invokers.TestMethodWorker.invokeBeforeClassMethods(TestMethodWorker.java:188)
at org.testng.internal.invokers.TestMethodWorker.run(TestMethodWorker.java:128)
at java.base/java.util.ArrayList.forEach(ArrayList.java:1604)
at org.testng.TestRunner.privateRun(TestRunner.java:744)
at org.testng.TestRunner.run(TestRunner.java:616)
at org.testng.SuiteRunner.runTest(SuiteRunner.java:421)
at org.testng.SuiteRunner.runSequentially(SuiteRunner.java:413)
at org.testng.SuiteRunner.privateRun(SuiteRunner.java:373)
at org.testng.SuiteRunner.run(SuiteRunner.java:312)
at org.testng.SuiteRunnerWorker.runSuite(SuiteRunnerWorker.java:52)
at org.testng.SuiteRunnerWorker.run(SuiteRunnerWorker.java:95)
at org.testng.TestNG.runSuitesSequentially(TestNG.java:1274)
at org.testng.TestNG.runSuitesLocally(TestNG.java:1208)
at org.testng.TestNG.runSuites(TestNG.java:1112)
at org.testng.TestNG.run(TestNG.java:1079)
at org.testng.remote.AbstractRemoteTestNG.run(AbstractRemoteTestNG.java:115)
at org.testng.remote.RemoteTestNG.initAndRun(RemoteTestNG.java:293)
at org.testng.remote.RemoteTestNG.main(RemoteTestNG.java:91)
]]>
    </error>
  </testcase> <!-- setUpClass -->
</testsuite> <!-- stepDefinitions.LoginStepsDefinition -->
