<?xml version="1.0" encoding="UTF-8"?>
<!-- Generated by org.testng.reporters.JUnitReportReporter -->
<testsuite hostname="Norms" failures="0" tests="3" name="testCasesLogin.TC001_LoginTest" time="3.426" errors="0" timestamp="2026-02-23T18:44:50 CST" skipped="0">
  <testcase classname="testCasesLogin.TC001_LoginTest" name="login" time="2.342"/>
  <testcase classname="testCasesLogin.TC001_LoginTest" name="login" time="0.433"/>
  <testcase classname="testCasesLogin.TC001_LoginTest" name="login" time="0.651"/>
</testsuite> <!-- testCasesLogin.TC001_LoginTest -->
