<?xml version="1.0" encoding="UTF-8"?>
<!-- Generated by org.testng.reporters.JUnitReportReporter -->
<testsuite hostname="Norms" failures="0" tests="2" name="testCases.TC006_LoginWithInvalidPassword" time="4.929" errors="0" timestamp="2025-08-28T14:25:55 CST" skipped="0">
  <testcase classname="testCases.TC006_LoginWithInvalidPassword" name="loginWithInvalidPassword" time="2.318"/>
  <testcase classname="testCases.TC006_LoginWithInvalidPassword" name="loginWithInvalidPassword" time="2.611"/>
</testsuite> <!-- testCases.TC006_LoginWithInvalidPassword -->
