<?xml version="1.0" encoding="UTF-8"?>
<!-- Generated by org.testng.reporters.JUnitReportReporter -->
<testsuite hostname="Norms" failures="0" tests="3" name="testCasesLogin.TC003_ValidatingUserProfile" time="48.330" errors="0" timestamp="2026-02-23T18:52:33 CST" skipped="0">
  <testcase classname="testCasesLogin.TC003_ValidatingUserProfile" name="ValidatingUserProfileName" time="17.547"/>
  <testcase classname="testCasesLogin.TC003_ValidatingUserProfile" name="ValidatingUserProfileName" time="14.247"/>
  <testcase classname="testCasesLogin.TC003_ValidatingUserProfile" name="ValidatingUserProfileName" time="16.536"/>
</testsuite> <!-- testCasesLogin.TC003_ValidatingUserProfile -->
