<?xml version="1.0" encoding="UTF-8"?>
<!-- Generated by org.testng.reporters.JUnitReportReporter -->
<testsuite hostname="Norms" failures="0" tests="3" name="testCasesLogin.TC002_LoginTestWithInvalidCredentials" time="7.475" errors="0" timestamp="2026-02-28T12:38:20 CST" skipped="0">
  <testcase classname="testCasesLogin.TC002_LoginTestWithInvalidCredentials" name="loginWithInvalidCreddentials" time="2.973"/>
  <testcase classname="testCasesLogin.TC002_LoginTestWithInvalidCredentials" name="loginWithInvalidCreddentials" time="2.155"/>
  <testcase classname="testCasesLogin.TC002_LoginTestWithInvalidCredentials" name="loginWithInvalidCreddentials" time="2.347"/>
</testsuite> <!-- testCasesLogin.TC002_LoginTestWithInvalidCredentials -->
