<?xml version="1.0" encoding="UTF-8"?>
<!-- Generated by org.testng.reporters.JUnitReportReporter -->
<testsuite hostname="Norms" failures="0" tests="2" name="testCases.TC003_ValidatingUserProfile" time="10.909" errors="0" timestamp="2025-08-28T15:13:25 CST" skipped="0">
  <testcase classname="testCases.TC003_ValidatingUserProfile" name="ValidatingUserProfileName" time="8.446"/>
  <testcase classname="testCases.TC003_ValidatingUserProfile" name="ValidatingUserProfileName" time="2.463"/>
</testsuite> <!-- testCases.TC003_ValidatingUserProfile -->
