<?xml version="1.0" encoding="UTF-8"?>
<!-- Generated by org.testng.reporters.JUnitReportReporter -->
<testsuite hostname="Norms" failures="0" tests="2" name="testCases.TC002_LoginTestWithInvalidCredentials" time="11.297" errors="0" timestamp="2025-08-28T15:13:25 CST" skipped="0">
  <testcase classname="testCases.TC002_LoginTestWithInvalidCredentials" name="loginWithInvalidCreddentials" time="7.835"/>
  <testcase classname="testCases.TC002_LoginTestWithInvalidCredentials" name="loginWithInvalidCreddentials" time="3.462"/>
</testsuite> <!-- testCases.TC002_LoginTestWithInvalidCredentials -->
