<?xml version="1.0" encoding="UTF-8"?>
<!-- Generated by org.testng.reporters.JUnitReportReporter -->
<testsuite hostname="Norms" failures="0" tests="2" name="testCases.TC005_LoginWithInvalidUserName" time="5.823" errors="0" timestamp="2025-08-28T14:25:55 CST" skipped="0">
  <testcase classname="testCases.TC005_LoginWithInvalidUserName" name="loginWithInvalidUserName" time="3.027"/>
  <testcase classname="testCases.TC005_LoginWithInvalidUserName" name="loginWithInvalidUserName" time="2.796"/>
</testsuite> <!-- testCases.TC005_LoginWithInvalidUserName -->
