<?xml version="1.0" encoding="UTF-8"?>
<!-- Generated by org.testng.reporters.JUnitReportReporter -->
<testsuite hostname="Norms" failures="0" tests="3" name="testCasesLogin.TC002_LoginTestWithInvalidCredentials" time="17.904" errors="0" timestamp="2026-02-08T16:52:35 CST" skipped="0">
  <testcase classname="testCasesLogin.TC002_LoginTestWithInvalidCredentials" name="loginWithInvalidCreddentials" time="8.427"/>
  <testcase classname="testCasesLogin.TC002_LoginTestWithInvalidCredentials" name="loginWithInvalidCreddentials" time="5.988"/>
  <testcase classname="testCasesLogin.TC002_LoginTestWithInvalidCredentials" name="loginWithInvalidCreddentials" time="3.489"/>
</testsuite> <!-- testCasesLogin.TC002_LoginTestWithInvalidCredentials -->
