<?xml version="1.0" encoding="UTF-8"?>
<!-- Generated by org.testng.reporters.JUnitReportReporter -->
<testsuite hostname="Norms" failures="0" tests="3" name="testCasesLogin.TC002_LoginTestWithInvalidCredentials" time="20.771" errors="0" timestamp="2026-02-27T23:33:07 CST" skipped="0">
  <testcase classname="testCasesLogin.TC002_LoginTestWithInvalidCredentials" name="loginWithInvalidCreddentials" time="7.231"/>
  <testcase classname="testCasesLogin.TC002_LoginTestWithInvalidCredentials" name="loginWithInvalidCreddentials" time="6.627"/>
  <testcase classname="testCasesLogin.TC002_LoginTestWithInvalidCredentials" name="loginWithInvalidCreddentials" time="6.913"/>
</testsuite> <!-- testCasesLogin.TC002_LoginTestWithInvalidCredentials -->
