<?xml version="1.0" encoding="UTF-8"?>
<!-- Generated by org.testng.reporters.JUnitReportReporter -->
<testsuite hostname="Norms" failures="0" tests="3" name="testCasesLogin.TC001_LoginTest" time="12.573" errors="0" timestamp="2026-02-27T23:33:07 CST" skipped="0">
  <testcase classname="testCasesLogin.TC001_LoginTest" name="login" time="4.194"/>
  <testcase classname="testCasesLogin.TC001_LoginTest" name="login" time="2.437"/>
  <testcase classname="testCasesLogin.TC001_LoginTest" name="login" time="5.942"/>
</testsuite> <!-- testCasesLogin.TC001_LoginTest -->
