<?xml version="1.0" encoding="UTF-8"?>
<!-- Generated by org.testng.reporters.JUnitXMLReporter -->
<testsuite ignored="0" hostname="Norms" failures="1" tests="3" name="Linux-Edge" time="77.162" errors="0" timestamp="2026-02-26T21:33:32 CST">
  <testcase classname="testCasesLogin.TC004_LoginDDT" name="verify_LoginDDT" time="26.311"/>
  <testcase classname="testCasesLogin.TC004_LoginDDT" name="verify_LoginDDT" time="19.423"/>
  <testcase classname="testCasesLogin.TC004_LoginDDT" name="verify_LoginDDT" time="11.877">
    <failure type="java.lang.AssertionError" message="expected [true] but found [false]">
      <![CDATA[java.lang.AssertionError: expected [true] but found [false]
at testCasesLogin.TC004_LoginDDT.verify_LoginDDT(TC004_LoginDDT.java:50)
at java.base/java.util.ArrayList.forEach(ArrayList.java:1604)
at java.base/java.util.concurrent.FutureTask.run(FutureTask.java:328)
at java.base/java.util.concurrent.ThreadPoolExecutor.runWorker(ThreadPoolExecutor.java:1090)
at java.base/java.util.concurrent.ThreadPoolExecutor$Worker.run(ThreadPoolExecutor.java:614)
at java.base/java.lang.Thread.run(Thread.java:1474)
... Removed 19 stack frames]]>
    </failure>
  </testcase> <!-- verify_LoginDDT -->
</testsuite> <!-- Linux-Edge -->
